<?xml version="1.0" encoding="UTF-8"?>
<!-- Generated by org.testng.reporters.JUnitXMLReporter -->
<testsuite hostname="LAPTOP-M4N4JHAP" ignored="7" name="Default test" tests="1" failures="0" timestamp="2021-03-14T14:36:49 GMT" time="10.006" errors="0">
  <testcase name="AddNmmbersgivesSevenDigitResult" time="5.668" classname="Acacemy.additionTest"/>
  <testcase name="AddAscendRangeAndDescendRange" time="0.0" classname="Acacemy.additionTest">
    <ignored/>
  </testcase> <!-- AddAscendRangeAndDescendRange -->
  <testcase name="AddZeroAndOne" time="0.0" classname="Acacemy.additionTest">
    <ignored/>
  </testcase> <!-- AddZeroAndOne -->
  <testcase name="AddDecimalNumbers" time="0.0" classname="Acacemy.additionTest">
    <ignored/>
  </testcase> <!-- AddDecimalNumbers -->
  <testcase name="AddTwoSingleDigits" time="0.0" classname="Acacemy.additionTest">
    <ignored/>
  </testcase> <!-- AddTwoSingleDigits -->
  <testcase name="AddZeroAndZero" time="0.0" classname="Acacemy.additionTest">
    <ignored/>
  </testcase> <!-- AddZeroAndZero -->
  <testcase name="AddNegativeandPositiveNumbers" time="0.0" classname="Acacemy.additionTest">
    <ignored/>
  </testcase> <!-- AddNegativeandPositiveNumbers -->
  <testcase name="AddMorethanTwoNumbers" time="0.0" classname="Acacemy.additionTest">
    <ignored/>
  </testcase> <!-- AddMorethanTwoNumbers -->
</testsuite> <!-- Default test -->
