<?xml version="1.0" encoding="UTF-8"?>
<!-- Generated by org.testng.reporters.JUnitXMLReporter -->
<testsuite hostname="LAPTOP-M4N4JHAP" ignored="0" name="Different Operations" tests="6" failures="6" timestamp="2021-03-15T10:01:37 GMT" time="27.146" errors="0">
  <testcase name="AddDivision" time="5.492" classname="Acacemy.DifferentOperations">
    <failure type="java.lang.AssertionError" message="expected [15.0] but found [5.818181818281818]">
      <![CDATA[java.lang.AssertionError: expected [15.0] but found [5.818181818281818]
at Acacemy.DifferentOperations.AddDivision(DifferentOperations.java:60)
at java.util.ArrayList.forEach(ArrayList.java:1257)
at java.util.concurrent.FutureTask.run(FutureTask.java:266)
at java.util.concurrent.ThreadPoolExecutor.runWorker(ThreadPoolExecutor.java:1149)
at java.util.concurrent.ThreadPoolExecutor$Worker.run(ThreadPoolExecutor.java:624)
at java.lang.Thread.run(Thread.java:748)
... Removed 24 stack frames]]>
    </failure>
  </testcase> <!-- AddDivision -->
  <testcase name="AddMultiply" time="0.139" classname="Acacemy.DifferentOperations">
    <failure type="java.lang.Error" message="Invalid char found">
      <![CDATA[java.lang.Error: Invalid char found
at pageObject.CalculatorBlock.ClickElement(CalculatorBlock.java:149)
at pageObject.CalculatorBlock.ClickWholeEquation(CalculatorBlock.java:72)
at Acacemy.DifferentOperations.AddMultiply(DifferentOperations.java:45)
at java.util.ArrayList.forEach(ArrayList.java:1257)
at java.util.concurrent.FutureTask.run(FutureTask.java:266)
at java.util.concurrent.ThreadPoolExecutor.runWorker(ThreadPoolExecutor.java:1149)
at java.util.concurrent.ThreadPoolExecutor$Worker.run(ThreadPoolExecutor.java:624)
at java.lang.Thread.run(Thread.java:748)
... Removed 18 stack frames]]>
    </failure>
  </testcase> <!-- AddMultiply -->
  <testcase name="AddMultiply2" time="0.794" classname="Acacemy.DifferentOperations">
    <failure type="java.lang.Error" message="Invalid char found">
      <![CDATA[java.lang.Error: Invalid char found
at pageObject.CalculatorBlock.ClickElement(CalculatorBlock.java:149)
at pageObject.CalculatorBlock.ClickWholeEquation(CalculatorBlock.java:72)
at Acacemy.DifferentOperations.AddMultiply2(DifferentOperations.java:51)
at java.util.ArrayList.forEach(ArrayList.java:1257)
at java.util.concurrent.FutureTask.run(FutureTask.java:266)
at java.util.concurrent.ThreadPoolExecutor.runWorker(ThreadPoolExecutor.java:1149)
at java.util.concurrent.ThreadPoolExecutor$Worker.run(ThreadPoolExecutor.java:624)
at java.lang.Thread.run(Thread.java:748)
... Removed 18 stack frames]]>
    </failure>
  </testcase> <!-- AddMultiply2 -->
  <testcase name="AddTwoNmmbersandSubtractiongivesSevenDigitResult" time="6.191" classname="Acacemy.DifferentOperations">
    <failure type="java.lang.AssertionError" message="expected [4444444.0] but found [6.106106117438494E19]">
      <![CDATA[java.lang.AssertionError: expected [4444444.0] but found [6.106106117438494E19]
at Acacemy.DifferentOperations.AddTwoNmmbersandSubtractiongivesSevenDigitResult(DifferentOperations.java:39)
at java.util.ArrayList.forEach(ArrayList.java:1257)
at java.util.concurrent.FutureTask.run(FutureTask.java:266)
at java.util.concurrent.ThreadPoolExecutor.runWorker(ThreadPoolExecutor.java:1149)
at java.util.concurrent.ThreadPoolExecutor$Worker.run(ThreadPoolExecutor.java:624)
at java.lang.Thread.run(Thread.java:748)
... Removed 24 stack frames]]>
    </failure>
  </testcase> <!-- AddTwoNmmbersandSubtractiongivesSevenDigitResult -->
  <testcase name="AdditionSubtraction" time="5.548" classname="Acacemy.DifferentOperations">
    <failure type="java.lang.AssertionError" message="expected [354.0] but found [4534.0000000001]">
      <![CDATA[java.lang.AssertionError: expected [354.0] but found [4534.0000000001]
at Acacemy.DifferentOperations.AdditionSubtraction(DifferentOperations.java:29)
at java.util.ArrayList.forEach(ArrayList.java:1257)
at java.util.concurrent.FutureTask.run(FutureTask.java:266)
at java.util.concurrent.ThreadPoolExecutor.runWorker(ThreadPoolExecutor.java:1149)
at java.util.concurrent.ThreadPoolExecutor$Worker.run(ThreadPoolExecutor.java:624)
at java.lang.Thread.run(Thread.java:748)
... Removed 24 stack frames]]>
    </failure>
  </testcase> <!-- AdditionSubtraction -->
  <testcase name="MultiplyDivision" time="0.324" classname="Acacemy.DifferentOperations">
    <failure type="java.lang.Error" message="Invalid char found">
      <![CDATA[java.lang.Error: Invalid char found
at pageObject.CalculatorBlock.ClickElement(CalculatorBlock.java:149)
at pageObject.CalculatorBlock.ClickWholeEquation(CalculatorBlock.java:72)
at Acacemy.DifferentOperations.MultiplyDivision(DifferentOperations.java:69)
at java.util.ArrayList.forEach(ArrayList.java:1257)
at java.util.concurrent.FutureTask.run(FutureTask.java:266)
at java.util.concurrent.ThreadPoolExecutor.runWorker(ThreadPoolExecutor.java:1149)
at java.util.concurrent.ThreadPoolExecutor$Worker.run(ThreadPoolExecutor.java:624)
at java.lang.Thread.run(Thread.java:748)
... Removed 18 stack frames]]>
    </failure>
  </testcase> <!-- MultiplyDivision -->
</testsuite> <!-- Different Operations -->
