<?xml version="1.0" encoding="UTF-8"?>
<!-- Generated by org.testng.reporters.JUnitXMLReporter -->
<testsuite hostname="LAPTOP-M4N4JHAP" ignored="0" name="Multiplication" tests="9" failures="8" timestamp="2021-03-15T10:01:23 GMT" time="64.109" errors="0">
  <testcase name="MultiplyAscendRangeAndDescendRange" time="7.59" classname="Acacemy.multiplicationTests">
    <failure type="java.lang.AssertionError" message="expected [38102050.0] but found [8.30600205E9]">
      <![CDATA[java.lang.AssertionError: expected [38102050.0] but found [8.30600205E9]
at Acacemy.multiplicationTests.MultiplyAscendRangeAndDescendRange(multiplicationTests.java:28)
at java.util.ArrayList.forEach(ArrayList.java:1257)
at java.util.concurrent.FutureTask.run(FutureTask.java:266)
at java.util.concurrent.ThreadPoolExecutor.runWorker(ThreadPoolExecutor.java:1149)
at java.util.concurrent.ThreadPoolExecutor$Worker.run(ThreadPoolExecutor.java:624)
at java.lang.Thread.run(Thread.java:748)
... Removed 24 stack frames]]>
    </failure>
  </testcase> <!-- MultiplyAscendRangeAndDescendRange -->
  <testcase name="MultiplyDecimalTwoPointTwoMinusOne" time="5.678" classname="Acacemy.multiplicationTests">
    <failure type="java.lang.AssertionError" message="expected [11.25] but found [55.5625000001]">
      <![CDATA[java.lang.AssertionError: expected [11.25] but found [55.5625000001]
at Acacemy.multiplicationTests.MultiplyDecimalTwoPointTwoMinusOne(multiplicationTests.java:87)
at java.util.ArrayList.forEach(ArrayList.java:1257)
at java.util.concurrent.FutureTask.run(FutureTask.java:266)
at java.util.concurrent.ThreadPoolExecutor.runWorker(ThreadPoolExecutor.java:1149)
at java.util.concurrent.ThreadPoolExecutor$Worker.run(ThreadPoolExecutor.java:624)
at java.lang.Thread.run(Thread.java:748)
... Removed 24 stack frames]]>
    </failure>
  </testcase> <!-- MultiplyDecimalTwoPointTwoMinusOne -->
  <testcase name="MultiplyMorethanTwoBigNumbers" time="6.04" classname="Acacemy.multiplicationTests">
    <failure type="java.lang.AssertionError" message="expected [6.789199772124E12] but found [6.7431134972124E13]">
      <![CDATA[java.lang.AssertionError: expected [6.789199772124E12] but found [6.7431134972124E13]
at Acacemy.multiplicationTests.MultiplyMorethanTwoBigNumbers(multiplicationTests.java:47)
at java.util.ArrayList.forEach(ArrayList.java:1257)
at java.util.concurrent.FutureTask.run(FutureTask.java:266)
at java.util.concurrent.ThreadPoolExecutor.runWorker(ThreadPoolExecutor.java:1149)
at java.util.concurrent.ThreadPoolExecutor$Worker.run(ThreadPoolExecutor.java:624)
at java.lang.Thread.run(Thread.java:748)
... Removed 24 stack frames]]>
    </failure>
  </testcase> <!-- MultiplyMorethanTwoBigNumbers -->
  <testcase name="MultiplyMorethanTwoNumbers" time="5.346" classname="Acacemy.multiplicationTests">
    <failure type="java.lang.AssertionError" message="expected [216.0] but found [2196.0000000001]">
      <![CDATA[java.lang.AssertionError: expected [216.0] but found [2196.0000000001]
at Acacemy.multiplicationTests.MultiplyMorethanTwoNumbers(multiplicationTests.java:41)
at java.util.ArrayList.forEach(ArrayList.java:1257)
at java.util.concurrent.FutureTask.run(FutureTask.java:266)
at java.util.concurrent.ThreadPoolExecutor.runWorker(ThreadPoolExecutor.java:1149)
at java.util.concurrent.ThreadPoolExecutor$Worker.run(ThreadPoolExecutor.java:624)
at java.lang.Thread.run(Thread.java:748)
... Removed 24 stack frames]]>
    </failure>
  </testcase> <!-- MultiplyMorethanTwoNumbers -->
  <testcase name="MultiplyNegativeandPostiveNumbers" time="5.329" classname="Acacemy.multiplicationTests">
    <failure type="java.lang.AssertionError" message="expected [-35.0] but found [35.0000000001]">
      <![CDATA[java.lang.AssertionError: expected [-35.0] but found [35.0000000001]
at Acacemy.multiplicationTests.MultiplyNegativeandPostiveNumbers(multiplicationTests.java:81)
at java.util.ArrayList.forEach(ArrayList.java:1257)
at java.util.concurrent.FutureTask.run(FutureTask.java:266)
at java.util.concurrent.ThreadPoolExecutor.runWorker(ThreadPoolExecutor.java:1149)
at java.util.concurrent.ThreadPoolExecutor$Worker.run(ThreadPoolExecutor.java:624)
at java.lang.Thread.run(Thread.java:748)
... Removed 24 stack frames]]>
    </failure>
  </testcase> <!-- MultiplyNegativeandPostiveNumbers -->
  <testcase name="MultiplyOneAndZero" time="5.24" classname="Acacemy.multiplicationTests">
    <failure type="java.lang.AssertionError" message="expected [0] but found [1.0E-10]">
      <![CDATA[java.lang.AssertionError: expected [0] but found [1.0E-10]
at Acacemy.multiplicationTests.MultiplyOneAndZero(multiplicationTests.java:75)
at java.util.ArrayList.forEach(ArrayList.java:1257)
at java.util.concurrent.FutureTask.run(FutureTask.java:266)
at java.util.concurrent.ThreadPoolExecutor.runWorker(ThreadPoolExecutor.java:1149)
at java.util.concurrent.ThreadPoolExecutor$Worker.run(ThreadPoolExecutor.java:624)
at java.lang.Thread.run(Thread.java:748)
... Removed 24 stack frames]]>
    </failure>
  </testcase> <!-- MultiplyOneAndZero -->
  <testcase name="MultiplyZeroAndOne" time="5.214" classname="Acacemy.multiplicationTests">
    <failure type="java.lang.AssertionError" message="expected [0] but found [1.0E-10]">
      <![CDATA[java.lang.AssertionError: expected [0] but found [1.0E-10]
at Acacemy.multiplicationTests.MultiplyZeroAndOne(multiplicationTests.java:65)
at java.util.ArrayList.forEach(ArrayList.java:1257)
at java.util.concurrent.FutureTask.run(FutureTask.java:266)
at java.util.concurrent.ThreadPoolExecutor.runWorker(ThreadPoolExecutor.java:1149)
at java.util.concurrent.ThreadPoolExecutor$Worker.run(ThreadPoolExecutor.java:624)
at java.lang.Thread.run(Thread.java:748)
... Removed 24 stack frames]]>
    </failure>
  </testcase> <!-- MultiplyZeroAndOne -->
  <testcase name="MultiplyZeroAndZero" time="5.223" classname="Acacemy.multiplicationTests">
    <failure type="java.lang.AssertionError" message="expected [0] but found [1.0E-10]">
      <![CDATA[java.lang.AssertionError: expected [0] but found [1.0E-10]
at Acacemy.multiplicationTests.MultiplyZeroAndZero(multiplicationTests.java:54)
at java.util.ArrayList.forEach(ArrayList.java:1257)
at java.util.concurrent.FutureTask.run(FutureTask.java:266)
at java.util.concurrent.ThreadPoolExecutor.runWorker(ThreadPoolExecutor.java:1149)
at java.util.concurrent.ThreadPoolExecutor$Worker.run(ThreadPoolExecutor.java:624)
at java.lang.Thread.run(Thread.java:748)
... Removed 24 stack frames]]>
    </failure>
  </testcase> <!-- MultiplyZeroAndZero -->
  <testcase name="MultiplytwoNumbersBig" time="5.651" classname="Acacemy.multiplicationTests"/>
</testsuite> <!-- Multiplication -->
