<?xml version="1.0" encoding="UTF-8"?>
<!-- Generated by org.testng.reporters.JUnitXMLReporter -->
<testsuite hostname="LAPTOP-M4N4JHAP" ignored="0" name="Verifying Elements" tests="15" failures="1" timestamp="2021-03-14T15:52:27 GMT" time="80.91" errors="0">
  <testcase name="clear" time="0.171" classname="Acacemy.VerifyingElementsareClickable"/>
  <testcase name="divide" time="5.289" classname="Acacemy.VerifyingElementsareClickable"/>
  <testcase name="minus" time="5.149" classname="Acacemy.VerifyingElementsareClickable"/>
  <testcase name="multiply" time="5.138" classname="Acacemy.VerifyingElementsareClickable"/>
  <testcase name="number0" time="5.138" classname="Acacemy.VerifyingElementsareClickable"/>
  <testcase name="number1" time="5.135" classname="Acacemy.VerifyingElementsareClickable"/>
  <testcase name="number2" time="5.134" classname="Acacemy.VerifyingElementsareClickable"/>
  <testcase name="number3" time="5.168" classname="Acacemy.VerifyingElementsareClickable"/>
  <testcase name="number4" time="5.185" classname="Acacemy.VerifyingElementsareClickable"/>
  <testcase name="number5" time="5.188" classname="Acacemy.VerifyingElementsareClickable"/>
  <testcase name="number6" time="5.118" classname="Acacemy.VerifyingElementsareClickable"/>
  <testcase name="number7" time="5.17" classname="Acacemy.VerifyingElementsareClickable">
    <failure type="java.lang.AssertionError" message="PASSED expected [7] but found [77]">
      <![CDATA[java.lang.AssertionError: PASSED expected [7] but found [77]
at Acacemy.VerifyingElementsareClickable.number7(VerifyingElementsareClickable.java:133)
at java.util.ArrayList.forEach(ArrayList.java:1257)
at java.util.concurrent.FutureTask.run(FutureTask.java:266)
at java.util.concurrent.ThreadPoolExecutor.runWorker(ThreadPoolExecutor.java:1149)
at java.util.concurrent.ThreadPoolExecutor$Worker.run(ThreadPoolExecutor.java:624)
at java.lang.Thread.run(Thread.java:748)
... Removed 23 stack frames]]>
    </failure>
  </testcase> <!-- number7 -->
  <testcase name="number8" time="5.139" classname="Acacemy.VerifyingElementsareClickable"/>
  <testcase name="number9" time="5.138" classname="Acacemy.VerifyingElementsareClickable"/>
  <testcase name="plus" time="5.212" classname="Acacemy.VerifyingElementsareClickable"/>
</testsuite> <!-- Verifying Elements -->
