<?xml version="1.0" encoding="UTF-8"?>
<testng-results skipped="0" failed="0" ignored="0" total="3" passed="3">
  <reporter-output>
  </reporter-output>
  <suite name="Suite" duration-ms="36662" started-at="2020-11-08T18:24:57 GMT" finished-at="2020-11-08T18:25:34 GMT">
    <groups>
    </groups>
    <test name="Test" duration-ms="36662" started-at="2020-11-08T18:24:57 GMT" finished-at="2020-11-08T18:25:34 GMT">
      <class name="Acacemy.ValidatenavigationBar">
        <test-method status="PASS" signature="initialization()[pri:0, instance:Acacemy.ValidatenavigationBar@799f10e1]" name="initialization" is-config="true" duration-ms="8198" started-at="2020-11-08T18:25:14 GMT" finished-at="2020-11-08T18:25:22 GMT">
          <reporter-output>
          </reporter-output>
        </test-method> <!-- initialization -->
        <test-method status="PASS" signature="basePageNavigation()[pri:0, instance:Acacemy.ValidatenavigationBar@799f10e1]" name="basePageNavigation" duration-ms="218" started-at="2020-11-08T18:25:22 GMT" finished-at="2020-11-08T18:25:22 GMT">
          <reporter-output>
          </reporter-output>
        </test-method> <!-- basePageNavigation -->
        <test-method status="PASS" signature="Teardown()[pri:0, instance:Acacemy.ValidatenavigationBar@799f10e1]" name="Teardown" is-config="true" duration-ms="116" started-at="2020-11-08T18:25:34 GMT" finished-at="2020-11-08T18:25:34 GMT">
          <reporter-output>
          </reporter-output>
        </test-method> <!-- Teardown -->
      </class> <!-- Acacemy.ValidatenavigationBar -->
      <class name="Acacemy.Homepage">
        <test-method status="PASS" signature="initialization()[pri:0, instance:Acacemy.Homepage@4c371370]" name="initialization" is-config="true" duration-ms="9149" started-at="2020-11-08T18:24:57 GMT" finished-at="2020-11-08T18:25:06 GMT">
          <reporter-output>
          </reporter-output>
        </test-method> <!-- initialization -->
        <test-method status="PASS" signature="basePageNavigation(java.lang.String, java.lang.String)[pri:0, instance:Acacemy.Homepage@4c371370]" name="basePageNavigation" duration-ms="11075" started-at="2020-11-08T18:25:22 GMT" data-provider="getData" finished-at="2020-11-08T18:25:33 GMT">
          <params>
            <param index="0">
              <value>
                <![CDATA[abc@gmail.com]]>
              </value>
            </param>
            <param index="1">
              <value>
                <![CDATA[password]]>
              </value>
            </param>
          </params>
          <reporter-output>
          </reporter-output>
        </test-method> <!-- basePageNavigation -->
        <test-method status="PASS" signature="Teardown()[pri:0, instance:Acacemy.Homepage@4c371370]" name="Teardown" is-config="true" duration-ms="496" started-at="2020-11-08T18:25:33 GMT" finished-at="2020-11-08T18:25:34 GMT">
          <reporter-output>
          </reporter-output>
        </test-method> <!-- Teardown -->
      </class> <!-- Acacemy.Homepage -->
      <class name="Acacemy.ValidateTitle">
        <test-method status="PASS" signature="initialization()[pri:0, instance:Acacemy.ValidateTitle@145f66e3]" name="initialization" is-config="true" duration-ms="7132" started-at="2020-11-08T18:25:06 GMT" finished-at="2020-11-08T18:25:14 GMT">
          <reporter-output>
          </reporter-output>
        </test-method> <!-- initialization -->
        <test-method status="PASS" signature="basePageNavigation()[pri:0, instance:Acacemy.ValidateTitle@145f66e3]" name="basePageNavigation" duration-ms="62" started-at="2020-11-08T18:25:33 GMT" finished-at="2020-11-08T18:25:33 GMT">
          <reporter-output>
          </reporter-output>
        </test-method> <!-- basePageNavigation -->
        <test-method status="PASS" signature="Teardown()[pri:0, instance:Acacemy.ValidateTitle@145f66e3]" name="Teardown" is-config="true" duration-ms="135" started-at="2020-11-08T18:25:34 GMT" finished-at="2020-11-08T18:25:34 GMT">
          <reporter-output>
          </reporter-output>
        </test-method> <!-- Teardown -->
      </class> <!-- Acacemy.ValidateTitle -->
    </test> <!-- Test -->
  </suite> <!-- Suite -->
</testng-results>
